<?xml version="1.0" encoding="UTF-8"?>
<testsuite name="com.roman14.log.LoggerTest" tests="1" skipped="0" failures="0" errors="0" timestamp="2022-07-20T12:13:56" hostname="DESKTOP-JAC6R0V" time="0.033">
  <properties/>
  <testcase name="test()" classname="com.roman14.log.LoggerTest" time="0.033"/>
  <system-out><![CDATA[]]></system-out>
  <system-err><![CDATA[]]></system-err>
</testsuite>
